<?xml version="1.0" encoding="UTF-8"?>
<!-- Generated by org.testng.reporters.JUnitXMLReporter -->
<testsuite ignored="0" hostname="DESKTOP-RKEN1OE" failures="0" tests="1" name="Test-Runner-2" time="13.793" errors="0" timestamp="2025-06-17T10:21:58 IST">
  <testcase classname="inventoryTest.AddLowestPriceProductToCartTest" name="tc_002AddLowestPriceProductToCartTest" time="13.713"/>
</testsuite> <!-- Test-Runner-2 -->
