<?xml version="1.0" encoding="UTF-8"?>
<!-- Generated by org.testng.reporters.JUnitXMLReporter -->
<testsuite ignored="0" hostname="DESKTOP-RKEN1OE" failures="0" tests="2" name="Test-Runner-1" time="15.937" errors="0" timestamp="2025-06-17T10:22:00 IST">
  <testcase classname="inventoryTest.AddProductToCartTest" name="sample" time="0.008"/>
  <testcase classname="inventoryTest.AddProductToCartTest" name="tc_001AddProductToCartTest" time="0.656"/>
</testsuite> <!-- Test-Runner-1 -->
