<?xml version="1.0" encoding="UTF-8"?>
<!-- Generated by org.testng.reporters.JUnitReportReporter -->
<testsuite hostname="DESKTOP-RKEN1OE" failures="0" tests="3" name="practice.TestNGTestingPractice" time="0.029" errors="0" timestamp="2025-06-11T13:48:04 IST" skipped="0">
  <testcase classname="practice.TestNGTestingPractice" name="delete" time="0.007"/>
  <testcase classname="practice.TestNGTestingPractice" name="modify" time="0.003"/>
  <testcase classname="practice.TestNGTestingPractice" name="create" time="0.019"/>
</testsuite> <!-- practice.TestNGTestingPractice -->
