<?xml version="1.0" encoding="UTF-8"?>
<!-- Generated by org.testng.reporters.JUnitReportReporter -->
<testsuite hostname="DESKTOP-RKEN1OE" failures="0" tests="4" name="practice.DataProviderPractice" time="0.030" errors="0" timestamp="2025-06-12T13:37:42 IST" skipped="0">
  <testcase classname="practice.DataProviderPractice" name="createCustomer" time="0.004"/>
  <testcase classname="practice.DataProviderPractice" name="createCustomer" time="0.004"/>
  <testcase classname="practice.DataProviderPractice" name="createCustomer" time="0.012"/>
  <testcase classname="practice.DataProviderPractice" name="createCustomer" time="0.010"/>
</testsuite> <!-- practice.DataProviderPractice -->
