<?xml version="1.0" encoding="UTF-8"?>
<!-- Generated by org.testng.reporters.JUnitReportReporter -->
<testsuite hostname="DESKTOP-RKEN1OE" failures="0" tests="3" name="practice.TestNGTestingByPriority" time="0.027" errors="0" timestamp="2025-06-11T13:55:17 IST" skipped="0">
  <testcase classname="practice.TestNGTestingByPriority" name="create" time="0.018"/>
  <testcase classname="practice.TestNGTestingByPriority" name="modify" time="0.006"/>
  <testcase classname="practice.TestNGTestingByPriority" name="delete" time="0.003"/>
</testsuite> <!-- practice.TestNGTestingByPriority -->
