<?xml version="1.0" encoding="UTF-8"?>
<!-- Generated by org.testng.reporters.JUnitReportReporter -->
<testsuite hostname="DESKTOP-RKEN1OE" failures="0" tests="1" name="practice.AsserationPractice" time="0.020" errors="0" timestamp="2025-06-14T12:32:50 IST" skipped="0">
  <testcase classname="practice.AsserationPractice" name="sampleHardAssert" time="0.020"/>
</testsuite> <!-- practice.AsserationPractice -->
