<?xml version="1.0" encoding="UTF-8"?>
<!-- Generated by org.testng.reporters.JUnitReportReporter -->
<testsuite hostname="DESKTOP-RKEN1OE" failures="0" tests="4" name="practice.TestNGTestingByEnable" time="0.027" errors="0" timestamp="2025-06-12T12:47:41 IST" skipped="1">
  <testcase classname="practice.TestNGTestingByEnable" name="delete" time="0.019"/>
  <testcase classname="practice.TestNGTestingByEnable" name="delete" time="0.004"/>
  <testcase classname="practice.TestNGTestingByEnable" name="create" time="0.004"/>
  <testcase classname="practice.TestNGTestingByEnable" name="modify">
    <skipped/>
  </testcase> <!-- modify -->
</testsuite> <!-- practice.TestNGTestingByEnable -->
