<?xml version="1.0" encoding="UTF-8"?>
<!-- Generated by org.testng.reporters.JUnitReportReporter -->
<testsuite hostname="DESKTOP-RKEN1OE" failures="0" tests="4" name="practice.TestNGTestingByInvocation" time="0.324" errors="0" timestamp="2025-06-12T12:29:46 IST" skipped="0">
  <testcase classname="practice.TestNGTestingByInvocation" name="create" time="0.133"/>
  <testcase classname="practice.TestNGTestingByInvocation" name="modify" time="0.031"/>
  <testcase classname="practice.TestNGTestingByInvocation" name="delete" time="0.059"/>
  <testcase classname="practice.TestNGTestingByInvocation" name="delete" time="0.101"/>
</testsuite> <!-- practice.TestNGTestingByInvocation -->
